c:\users\safebreach\source\repos\wmiclient\wmiclient\x64\debug\wmiclient.pch
c:\users\safebreach\source\repos\wmiclient\wmiclient\x64\debug\vc141.pdb
c:\users\safebreach\source\repos\wmiclient\wmiclient\x64\debug\vc141.idb
c:\users\safebreach\source\repos\wmiclient\wmiclient\x64\debug\pch.obj
c:\users\safebreach\source\repos\wmiclient\wmiclient\x64\debug\wmiclient.obj
c:\users\safebreach\source\repos\wmiclient\x64\debug\wmiclient.exe
c:\users\safebreach\source\repos\wmiclient\x64\debug\wmiclient.ilk
c:\users\safebreach\source\repos\wmiclient\x64\debug\wmiclient.pdb
c:\users\safebreach\source\repos\wmiclient\x64\debug\wmiclient.lib
c:\users\safebreach\source\repos\wmiclient\x64\debug\wmiclient.exp
c:\users\safebreach\source\repos\wmiclient\wmiclient\x64\debug\wmiclient.obj.enc
c:\users\safebreach\source\repos\wmiclient\x64\debug\wmiclient.dll
c:\users\safebreach\source\repos\wmiclient\wmiclient\x64\debug\wmiclient.tlog\cl.command.1.tlog
c:\users\safebreach\source\repos\wmiclient\wmiclient\x64\debug\wmiclient.tlog\cl.read.1.tlog
c:\users\safebreach\source\repos\wmiclient\wmiclient\x64\debug\wmiclient.tlog\cl.write.1.tlog
c:\users\safebreach\source\repos\wmiclient\wmiclient\x64\debug\wmiclient.tlog\link.command.1.tlog
c:\users\safebreach\source\repos\wmiclient\wmiclient\x64\debug\wmiclient.tlog\link.delete.1.tlog
c:\users\safebreach\source\repos\wmiclient\wmiclient\x64\debug\wmiclient.tlog\link.read.1.tlog
c:\users\safebreach\source\repos\wmiclient\wmiclient\x64\debug\wmiclient.tlog\link.write.1.tlog
c:\users\safebreach\source\repos\wmiclient\wmiclient\x64\debug\wmiclient.tlog\wmiclient.write.1u.tlog
